Bias Model Validation RMSE Scores:
Damping Value: 0
Damping Value: 1
/home/as12453/miniconda3/envs/dsga3001/lib/python3.8/site-packages/lenskit/metrics/topn.py:111: RuntimeWarning: invalid value encountered in double_scalars
  return achieved / ideal
Damping Value: 5
Damping Value: 10
Damping Value: 15
Bias models validation prediction scores by damping factor:
   damping_factor      rmse       mae
0               0  1.272655  0.983563
1               1  1.174573  0.936035
2               5  1.145225  0.915146
3              10  1.146420  0.920029
4              15  1.148433  0.923757
Bias models validation evaluations by damping factor:
               recip_rank           precision@10           precision@100  \
                     mean       std         mean       std          mean   
damping_factor                                                             
0                0.000327  0.018080     0.000033  0.001808      0.000029   
1                0.000686  0.025629     0.000098  0.003131      0.000137   
5                0.001164  0.027541     0.000360  0.005987      0.000219   
10               0.000862  0.016557     0.000360  0.005987      0.000265   
15               0.000862  0.016557     0.000360  0.005987      0.000275   

                         recall@10           recall@100                ndcg  \
                     std      mean       std       mean       std      mean   
damping_factor                                                                
0               0.000542  0.000327  0.018080   0.002561  0.048996  0.000460   
1               0.001164  0.000981  0.031306   0.011973  0.105757  0.001059   
5               0.001464  0.002969  0.052400   0.018658  0.130573  0.001990   
10              0.001606  0.002969  0.052400   0.022121  0.141615  0.002083   
15              0.001634  0.002969  0.052400   0.022775  0.143234  0.002083   

                          
                     std  
damping_factor            
0               0.021457  
1               0.031014  
5               0.036489  
10              0.037098  
15              0.037098  
Best Hyperparameters:
Damping value = 10
Best Bias Model Test Evaluations:
Traceback (most recent call last):
  File "./Bias_and_BiasMF_Models.py", line 193, in <module>
    main()
  File "./Bias_and_BiasMF_Models.py", line 161, in main
    test_data = test_data[0]
UnboundLocalError: local variable 'test_data' referenced before assignment
