dfs created
                  user_id             business_id  review_stars
0  5VESqAgYsL9vzLEIA_xgnw  --9e1ONYQuAa-CB_Rrw7Tw             5
1  5VESqAgYsL9vzLEIA_xgnw  --9e1ONYQuAa-CB_Rrw7Tw             5
2  Pxrx3kEqVD9WCn7lmV-a7Q  -092wE7j5HZOogMLAh40zA             3
3  OzGlDEQ_vzH8QU9NBRs-pw  -0NhdsDJsdarxyDPR523ZQ             3
4  D3fOi-5w4intrUTWXzIQew  -0RkJ_uIduNLWQrphbADRw             1
dfs created
                  user_id             business_id  review_stars
0  5VESqAgYsL9vzLEIA_xgnw  --9e1ONYQuAa-CB_Rrw7Tw             5
1  5VESqAgYsL9vzLEIA_xgnw  --9e1ONYQuAa-CB_Rrw7Tw             5
2  Pxrx3kEqVD9WCn7lmV-a7Q  -092wE7j5HZOogMLAh40zA             3
3  OzGlDEQ_vzH8QU9NBRs-pw  -0NhdsDJsdarxyDPR523ZQ             3
4  D3fOi-5w4intrUTWXzIQew  -0RkJ_uIduNLWQrphbADRw             1
dfs created
                  user_id             business_id  review_stars
0  5VESqAgYsL9vzLEIA_xgnw  --9e1ONYQuAa-CB_Rrw7Tw             5
1  5VESqAgYsL9vzLEIA_xgnw  --9e1ONYQuAa-CB_Rrw7Tw             5
2  Pxrx3kEqVD9WCn7lmV-a7Q  -092wE7j5HZOogMLAh40zA             3
3  OzGlDEQ_vzH8QU9NBRs-pw  -0NhdsDJsdarxyDPR523ZQ             3
4  D3fOi-5w4intrUTWXzIQew  -0RkJ_uIduNLWQrphbADRw             1
dfs created
                  user_id             business_id  review_stars
0  5VESqAgYsL9vzLEIA_xgnw  --9e1ONYQuAa-CB_Rrw7Tw             5
1  5VESqAgYsL9vzLEIA_xgnw  --9e1ONYQuAa-CB_Rrw7Tw             5
2  Pxrx3kEqVD9WCn7lmV-a7Q  -092wE7j5HZOogMLAh40zA             3
3  OzGlDEQ_vzH8QU9NBRs-pw  -0NhdsDJsdarxyDPR523ZQ             3
4  D3fOi-5w4intrUTWXzIQew  -0RkJ_uIduNLWQrphbADRw             1
dfs created
                  user_id             business_id  review_stars
0  5VESqAgYsL9vzLEIA_xgnw  --9e1ONYQuAa-CB_Rrw7Tw             5
1  5VESqAgYsL9vzLEIA_xgnw  --9e1ONYQuAa-CB_Rrw7Tw             5
2  Pxrx3kEqVD9WCn7lmV-a7Q  -092wE7j5HZOogMLAh40zA             3
3  OzGlDEQ_vzH8QU9NBRs-pw  -0NhdsDJsdarxyDPR523ZQ             3
4  D3fOi-5w4intrUTWXzIQew  -0RkJ_uIduNLWQrphbADRw             1
dfs created
                  user_id             business_id  review_stars
0  5VESqAgYsL9vzLEIA_xgnw  --9e1ONYQuAa-CB_Rrw7Tw             5
1  5VESqAgYsL9vzLEIA_xgnw  --9e1ONYQuAa-CB_Rrw7Tw             5
2  Pxrx3kEqVD9WCn7lmV-a7Q  -092wE7j5HZOogMLAh40zA             3
3  OzGlDEQ_vzH8QU9NBRs-pw  -0NhdsDJsdarxyDPR523ZQ             3
4  D3fOi-5w4intrUTWXzIQew  -0RkJ_uIduNLWQrphbADRw             1
dfs created
                  user_id             business_id  review_stars
0  5VESqAgYsL9vzLEIA_xgnw  --9e1ONYQuAa-CB_Rrw7Tw             5
1  5VESqAgYsL9vzLEIA_xgnw  --9e1ONYQuAa-CB_Rrw7Tw             5
2  Pxrx3kEqVD9WCn7lmV-a7Q  -092wE7j5HZOogMLAh40zA             3
3  OzGlDEQ_vzH8QU9NBRs-pw  -0NhdsDJsdarxyDPR523ZQ             3
4  D3fOi-5w4intrUTWXzIQew  -0RkJ_uIduNLWQrphbADRw             1
dfs created
                  user_id             business_id  review_stars
0  5VESqAgYsL9vzLEIA_xgnw  --9e1ONYQuAa-CB_Rrw7Tw             5
1  5VESqAgYsL9vzLEIA_xgnw  --9e1ONYQuAa-CB_Rrw7Tw             5
2  Pxrx3kEqVD9WCn7lmV-a7Q  -092wE7j5HZOogMLAh40zA             3
3  OzGlDEQ_vzH8QU9NBRs-pw  -0NhdsDJsdarxyDPR523ZQ             3
4  D3fOi-5w4intrUTWXzIQew  -0RkJ_uIduNLWQrphbADRw             1
dfs created
                  user_id             business_id  review_stars
0  5VESqAgYsL9vzLEIA_xgnw  --9e1ONYQuAa-CB_Rrw7Tw             5
1  5VESqAgYsL9vzLEIA_xgnw  --9e1ONYQuAa-CB_Rrw7Tw             5
2  Pxrx3kEqVD9WCn7lmV-a7Q  -092wE7j5HZOogMLAh40zA             3
3  OzGlDEQ_vzH8QU9NBRs-pw  -0NhdsDJsdarxyDPR523ZQ             3
4  D3fOi-5w4intrUTWXzIQew  -0RkJ_uIduNLWQrphbADRw             1
/home/as12453/miniconda3/envs/dsga3001/lib/python3.8/site-packages/lenskit/metrics/topn.py:111: RuntimeWarning: invalid value encountered in double_scalars
  return achieved / ideal
dfs created
                  user_id             business_id  review_stars
0  5VESqAgYsL9vzLEIA_xgnw  --9e1ONYQuAa-CB_Rrw7Tw             5
1  5VESqAgYsL9vzLEIA_xgnw  --9e1ONYQuAa-CB_Rrw7Tw             5
2  Pxrx3kEqVD9WCn7lmV-a7Q  -092wE7j5HZOogMLAh40zA             3
3  OzGlDEQ_vzH8QU9NBRs-pw  -0NhdsDJsdarxyDPR523ZQ             3
4  D3fOi-5w4intrUTWXzIQew  -0RkJ_uIduNLWQrphbADRw             1
dfs created
                  user_id             business_id  review_stars
0  5VESqAgYsL9vzLEIA_xgnw  --9e1ONYQuAa-CB_Rrw7Tw             5
1  5VESqAgYsL9vzLEIA_xgnw  --9e1ONYQuAa-CB_Rrw7Tw             5
2  Pxrx3kEqVD9WCn7lmV-a7Q  -092wE7j5HZOogMLAh40zA             3
3  OzGlDEQ_vzH8QU9NBRs-pw  -0NhdsDJsdarxyDPR523ZQ             3
4  D3fOi-5w4intrUTWXzIQew  -0RkJ_uIduNLWQrphbADRw             1
dfs created
                  user_id             business_id  review_stars
0  5VESqAgYsL9vzLEIA_xgnw  --9e1ONYQuAa-CB_Rrw7Tw             5
1  5VESqAgYsL9vzLEIA_xgnw  --9e1ONYQuAa-CB_Rrw7Tw             5
2  Pxrx3kEqVD9WCn7lmV-a7Q  -092wE7j5HZOogMLAh40zA             3
3  OzGlDEQ_vzH8QU9NBRs-pw  -0NhdsDJsdarxyDPR523ZQ             3
4  D3fOi-5w4intrUTWXzIQew  -0RkJ_uIduNLWQrphbADRw             1
dfs created
                  user_id             business_id  review_stars
0  5VESqAgYsL9vzLEIA_xgnw  --9e1ONYQuAa-CB_Rrw7Tw             5
1  5VESqAgYsL9vzLEIA_xgnw  --9e1ONYQuAa-CB_Rrw7Tw             5
2  Pxrx3kEqVD9WCn7lmV-a7Q  -092wE7j5HZOogMLAh40zA             3
3  OzGlDEQ_vzH8QU9NBRs-pw  -0NhdsDJsdarxyDPR523ZQ             3
4  D3fOi-5w4intrUTWXzIQew  -0RkJ_uIduNLWQrphbADRw             1
dfs created
                  user_id             business_id  review_stars
0  5VESqAgYsL9vzLEIA_xgnw  --9e1ONYQuAa-CB_Rrw7Tw             5
1  5VESqAgYsL9vzLEIA_xgnw  --9e1ONYQuAa-CB_Rrw7Tw             5
2  Pxrx3kEqVD9WCn7lmV-a7Q  -092wE7j5HZOogMLAh40zA             3
3  OzGlDEQ_vzH8QU9NBRs-pw  -0NhdsDJsdarxyDPR523ZQ             3
4  D3fOi-5w4intrUTWXzIQew  -0RkJ_uIduNLWQrphbADRw             1
dfs created
                  user_id             business_id  review_stars
0  5VESqAgYsL9vzLEIA_xgnw  --9e1ONYQuAa-CB_Rrw7Tw             5
1  5VESqAgYsL9vzLEIA_xgnw  --9e1ONYQuAa-CB_Rrw7Tw             5
2  Pxrx3kEqVD9WCn7lmV-a7Q  -092wE7j5HZOogMLAh40zA             3
3  OzGlDEQ_vzH8QU9NBRs-pw  -0NhdsDJsdarxyDPR523ZQ             3
4  D3fOi-5w4intrUTWXzIQew  -0RkJ_uIduNLWQrphbADRw             1
dfs created
                  user_id             business_id  review_stars
0  5VESqAgYsL9vzLEIA_xgnw  --9e1ONYQuAa-CB_Rrw7Tw             5
1  5VESqAgYsL9vzLEIA_xgnw  --9e1ONYQuAa-CB_Rrw7Tw             5
2  Pxrx3kEqVD9WCn7lmV-a7Q  -092wE7j5HZOogMLAh40zA             3
3  OzGlDEQ_vzH8QU9NBRs-pw  -0NhdsDJsdarxyDPR523ZQ             3
4  D3fOi-5w4intrUTWXzIQew  -0RkJ_uIduNLWQrphbADRw             1
dfs created
                  user_id             business_id  review_stars
0  5VESqAgYsL9vzLEIA_xgnw  --9e1ONYQuAa-CB_Rrw7Tw             5
1  5VESqAgYsL9vzLEIA_xgnw  --9e1ONYQuAa-CB_Rrw7Tw             5
2  Pxrx3kEqVD9WCn7lmV-a7Q  -092wE7j5HZOogMLAh40zA             3
3  OzGlDEQ_vzH8QU9NBRs-pw  -0NhdsDJsdarxyDPR523ZQ             3
4  D3fOi-5w4intrUTWXzIQew  -0RkJ_uIduNLWQrphbADRw             1
dfs created
                  user_id             business_id  review_stars
0  5VESqAgYsL9vzLEIA_xgnw  --9e1ONYQuAa-CB_Rrw7Tw             5
1  5VESqAgYsL9vzLEIA_xgnw  --9e1ONYQuAa-CB_Rrw7Tw             5
2  Pxrx3kEqVD9WCn7lmV-a7Q  -092wE7j5HZOogMLAh40zA             3
3  OzGlDEQ_vzH8QU9NBRs-pw  -0NhdsDJsdarxyDPR523ZQ             3
4  D3fOi-5w4intrUTWXzIQew  -0RkJ_uIduNLWQrphbADRw             1
dfs created
                  user_id             business_id  review_stars
0  5VESqAgYsL9vzLEIA_xgnw  --9e1ONYQuAa-CB_Rrw7Tw             5
1  5VESqAgYsL9vzLEIA_xgnw  --9e1ONYQuAa-CB_Rrw7Tw             5
2  Pxrx3kEqVD9WCn7lmV-a7Q  -092wE7j5HZOogMLAh40zA             3
3  OzGlDEQ_vzH8QU9NBRs-pw  -0NhdsDJsdarxyDPR523ZQ             3
4  D3fOi-5w4intrUTWXzIQew  -0RkJ_uIduNLWQrphbADRw             1
dfs created
                  user_id             business_id  review_stars
0  5VESqAgYsL9vzLEIA_xgnw  --9e1ONYQuAa-CB_Rrw7Tw             5
1  5VESqAgYsL9vzLEIA_xgnw  --9e1ONYQuAa-CB_Rrw7Tw             5
2  Pxrx3kEqVD9WCn7lmV-a7Q  -092wE7j5HZOogMLAh40zA             3
3  OzGlDEQ_vzH8QU9NBRs-pw  -0NhdsDJsdarxyDPR523ZQ             3
4  D3fOi-5w4intrUTWXzIQew  -0RkJ_uIduNLWQrphbADRw             1
dfs created
                  user_id             business_id  review_stars
0  5VESqAgYsL9vzLEIA_xgnw  --9e1ONYQuAa-CB_Rrw7Tw             5
1  5VESqAgYsL9vzLEIA_xgnw  --9e1ONYQuAa-CB_Rrw7Tw             5
2  Pxrx3kEqVD9WCn7lmV-a7Q  -092wE7j5HZOogMLAh40zA             3
3  OzGlDEQ_vzH8QU9NBRs-pw  -0NhdsDJsdarxyDPR523ZQ             3
4  D3fOi-5w4intrUTWXzIQew  -0RkJ_uIduNLWQrphbADRw             1
dfs created
                  user_id             business_id  review_stars
0  5VESqAgYsL9vzLEIA_xgnw  --9e1ONYQuAa-CB_Rrw7Tw             5
1  5VESqAgYsL9vzLEIA_xgnw  --9e1ONYQuAa-CB_Rrw7Tw             5
2  Pxrx3kEqVD9WCn7lmV-a7Q  -092wE7j5HZOogMLAh40zA             3
3  OzGlDEQ_vzH8QU9NBRs-pw  -0NhdsDJsdarxyDPR523ZQ             3
4  D3fOi-5w4intrUTWXzIQew  -0RkJ_uIduNLWQrphbADRw             1
dfs created
                  user_id             business_id  review_stars
0  5VESqAgYsL9vzLEIA_xgnw  --9e1ONYQuAa-CB_Rrw7Tw             5
1  5VESqAgYsL9vzLEIA_xgnw  --9e1ONYQuAa-CB_Rrw7Tw             5
2  Pxrx3kEqVD9WCn7lmV-a7Q  -092wE7j5HZOogMLAh40zA             3
3  OzGlDEQ_vzH8QU9NBRs-pw  -0NhdsDJsdarxyDPR523ZQ             3
4  D3fOi-5w4intrUTWXzIQew  -0RkJ_uIduNLWQrphbADRw             1
dfs created
                  user_id             business_id  review_stars
0  5VESqAgYsL9vzLEIA_xgnw  --9e1ONYQuAa-CB_Rrw7Tw             5
1  5VESqAgYsL9vzLEIA_xgnw  --9e1ONYQuAa-CB_Rrw7Tw             5
2  Pxrx3kEqVD9WCn7lmV-a7Q  -092wE7j5HZOogMLAh40zA             3
3  OzGlDEQ_vzH8QU9NBRs-pw  -0NhdsDJsdarxyDPR523ZQ             3
4  D3fOi-5w4intrUTWXzIQew  -0RkJ_uIduNLWQrphbADRw             1
dfs created
                  user_id             business_id  review_stars
0  5VESqAgYsL9vzLEIA_xgnw  --9e1ONYQuAa-CB_Rrw7Tw             5
1  5VESqAgYsL9vzLEIA_xgnw  --9e1ONYQuAa-CB_Rrw7Tw             5
2  Pxrx3kEqVD9WCn7lmV-a7Q  -092wE7j5HZOogMLAh40zA             3
3  OzGlDEQ_vzH8QU9NBRs-pw  -0NhdsDJsdarxyDPR523ZQ             3
4  D3fOi-5w4intrUTWXzIQew  -0RkJ_uIduNLWQrphbADRw             1
dfs created
                  user_id             business_id  review_stars
0  5VESqAgYsL9vzLEIA_xgnw  --9e1ONYQuAa-CB_Rrw7Tw             5
1  5VESqAgYsL9vzLEIA_xgnw  --9e1ONYQuAa-CB_Rrw7Tw             5
2  Pxrx3kEqVD9WCn7lmV-a7Q  -092wE7j5HZOogMLAh40zA             3
3  OzGlDEQ_vzH8QU9NBRs-pw  -0NhdsDJsdarxyDPR523ZQ             3
4  D3fOi-5w4intrUTWXzIQew  -0RkJ_uIduNLWQrphbADRw             1
dfs created
                  user_id             business_id  review_stars
0  5VESqAgYsL9vzLEIA_xgnw  --9e1ONYQuAa-CB_Rrw7Tw             5
1  5VESqAgYsL9vzLEIA_xgnw  --9e1ONYQuAa-CB_Rrw7Tw             5
2  Pxrx3kEqVD9WCn7lmV-a7Q  -092wE7j5HZOogMLAh40zA             3
3  OzGlDEQ_vzH8QU9NBRs-pw  -0NhdsDJsdarxyDPR523ZQ             3
4  D3fOi-5w4intrUTWXzIQew  -0RkJ_uIduNLWQrphbADRw             1
dfs created
                  user_id             business_id  review_stars
0  5VESqAgYsL9vzLEIA_xgnw  --9e1ONYQuAa-CB_Rrw7Tw             5
1  5VESqAgYsL9vzLEIA_xgnw  --9e1ONYQuAa-CB_Rrw7Tw             5
2  Pxrx3kEqVD9WCn7lmV-a7Q  -092wE7j5HZOogMLAh40zA             3
3  OzGlDEQ_vzH8QU9NBRs-pw  -0NhdsDJsdarxyDPR523ZQ             3
4  D3fOi-5w4intrUTWXzIQew  -0RkJ_uIduNLWQrphbADRw             1
dfs created
                  user_id             business_id  review_stars
0  5VESqAgYsL9vzLEIA_xgnw  --9e1ONYQuAa-CB_Rrw7Tw             5
1  5VESqAgYsL9vzLEIA_xgnw  --9e1ONYQuAa-CB_Rrw7Tw             5
2  Pxrx3kEqVD9WCn7lmV-a7Q  -092wE7j5HZOogMLAh40zA             3
3  OzGlDEQ_vzH8QU9NBRs-pw  -0NhdsDJsdarxyDPR523ZQ             3
4  D3fOi-5w4intrUTWXzIQew  -0RkJ_uIduNLWQrphbADRw             1
dfs created
                  user_id             business_id  review_stars
0  5VESqAgYsL9vzLEIA_xgnw  --9e1ONYQuAa-CB_Rrw7Tw             5
1  5VESqAgYsL9vzLEIA_xgnw  --9e1ONYQuAa-CB_Rrw7Tw             5
2  Pxrx3kEqVD9WCn7lmV-a7Q  -092wE7j5HZOogMLAh40zA             3
3  OzGlDEQ_vzH8QU9NBRs-pw  -0NhdsDJsdarxyDPR523ZQ             3
4  D3fOi-5w4intrUTWXzIQew  -0RkJ_uIduNLWQrphbADRw             1
dfs created
                  user_id             business_id  review_stars
0  5VESqAgYsL9vzLEIA_xgnw  --9e1ONYQuAa-CB_Rrw7Tw             5
1  5VESqAgYsL9vzLEIA_xgnw  --9e1ONYQuAa-CB_Rrw7Tw             5
2  Pxrx3kEqVD9WCn7lmV-a7Q  -092wE7j5HZOogMLAh40zA             3
3  OzGlDEQ_vzH8QU9NBRs-pw  -0NhdsDJsdarxyDPR523ZQ             3
4  D3fOi-5w4intrUTWXzIQew  -0RkJ_uIduNLWQrphbADRw             1
dfs created
                  user_id             business_id  review_stars
0  5VESqAgYsL9vzLEIA_xgnw  --9e1ONYQuAa-CB_Rrw7Tw             5
1  5VESqAgYsL9vzLEIA_xgnw  --9e1ONYQuAa-CB_Rrw7Tw             5
2  Pxrx3kEqVD9WCn7lmV-a7Q  -092wE7j5HZOogMLAh40zA             3
3  OzGlDEQ_vzH8QU9NBRs-pw  -0NhdsDJsdarxyDPR523ZQ             3
4  D3fOi-5w4intrUTWXzIQew  -0RkJ_uIduNLWQrphbADRw             1
dfs created
                  user_id             business_id  review_stars
0  5VESqAgYsL9vzLEIA_xgnw  --9e1ONYQuAa-CB_Rrw7Tw             5
1  5VESqAgYsL9vzLEIA_xgnw  --9e1ONYQuAa-CB_Rrw7Tw             5
2  Pxrx3kEqVD9WCn7lmV-a7Q  -092wE7j5HZOogMLAh40zA             3
3  OzGlDEQ_vzH8QU9NBRs-pw  -0NhdsDJsdarxyDPR523ZQ             3
4  D3fOi-5w4intrUTWXzIQew  -0RkJ_uIduNLWQrphbADRw             1
dfs created
                  user_id             business_id  review_stars
0  5VESqAgYsL9vzLEIA_xgnw  --9e1ONYQuAa-CB_Rrw7Tw             5
1  5VESqAgYsL9vzLEIA_xgnw  --9e1ONYQuAa-CB_Rrw7Tw             5
2  Pxrx3kEqVD9WCn7lmV-a7Q  -092wE7j5HZOogMLAh40zA             3
3  OzGlDEQ_vzH8QU9NBRs-pw  -0NhdsDJsdarxyDPR523ZQ             3
4  D3fOi-5w4intrUTWXzIQew  -0RkJ_uIduNLWQrphbADRw             1
dfs created
                  user_id             business_id  review_stars
0  5VESqAgYsL9vzLEIA_xgnw  --9e1ONYQuAa-CB_Rrw7Tw             5
1  5VESqAgYsL9vzLEIA_xgnw  --9e1ONYQuAa-CB_Rrw7Tw             5
2  Pxrx3kEqVD9WCn7lmV-a7Q  -092wE7j5HZOogMLAh40zA             3
3  OzGlDEQ_vzH8QU9NBRs-pw  -0NhdsDJsdarxyDPR523ZQ             3
4  D3fOi-5w4intrUTWXzIQew  -0RkJ_uIduNLWQrphbADRw             1
dfs created
                  user_id             business_id  review_stars
0  5VESqAgYsL9vzLEIA_xgnw  --9e1ONYQuAa-CB_Rrw7Tw             5
1  5VESqAgYsL9vzLEIA_xgnw  --9e1ONYQuAa-CB_Rrw7Tw             5
2  Pxrx3kEqVD9WCn7lmV-a7Q  -092wE7j5HZOogMLAh40zA             3
3  OzGlDEQ_vzH8QU9NBRs-pw  -0NhdsDJsdarxyDPR523ZQ             3
4  D3fOi-5w4intrUTWXzIQew  -0RkJ_uIduNLWQrphbADRw             1
dfs created
                  user_id             business_id  review_stars
0  5VESqAgYsL9vzLEIA_xgnw  --9e1ONYQuAa-CB_Rrw7Tw             5
1  5VESqAgYsL9vzLEIA_xgnw  --9e1ONYQuAa-CB_Rrw7Tw             5
2  Pxrx3kEqVD9WCn7lmV-a7Q  -092wE7j5HZOogMLAh40zA             3
3  OzGlDEQ_vzH8QU9NBRs-pw  -0NhdsDJsdarxyDPR523ZQ             3
4  D3fOi-5w4intrUTWXzIQew  -0RkJ_uIduNLWQrphbADRw             1
dfs created
                  user_id             business_id  review_stars
0  5VESqAgYsL9vzLEIA_xgnw  --9e1ONYQuAa-CB_Rrw7Tw             5
1  5VESqAgYsL9vzLEIA_xgnw  --9e1ONYQuAa-CB_Rrw7Tw             5
2  Pxrx3kEqVD9WCn7lmV-a7Q  -092wE7j5HZOogMLAh40zA             3
3  OzGlDEQ_vzH8QU9NBRs-pw  -0NhdsDJsdarxyDPR523ZQ             3
4  D3fOi-5w4intrUTWXzIQew  -0RkJ_uIduNLWQrphbADRw             1
dfs created
                  user_id             business_id  review_stars
0  5VESqAgYsL9vzLEIA_xgnw  --9e1ONYQuAa-CB_Rrw7Tw             5
1  5VESqAgYsL9vzLEIA_xgnw  --9e1ONYQuAa-CB_Rrw7Tw             5
2  Pxrx3kEqVD9WCn7lmV-a7Q  -092wE7j5HZOogMLAh40zA             3
3  OzGlDEQ_vzH8QU9NBRs-pw  -0NhdsDJsdarxyDPR523ZQ             3
4  D3fOi-5w4intrUTWXzIQew  -0RkJ_uIduNLWQrphbADRw             1
dfs created
                  user_id             business_id  review_stars
0  5VESqAgYsL9vzLEIA_xgnw  --9e1ONYQuAa-CB_Rrw7Tw             5
1  5VESqAgYsL9vzLEIA_xgnw  --9e1ONYQuAa-CB_Rrw7Tw             5
2  Pxrx3kEqVD9WCn7lmV-a7Q  -092wE7j5HZOogMLAh40zA             3
3  OzGlDEQ_vzH8QU9NBRs-pw  -0NhdsDJsdarxyDPR523ZQ             3
4  D3fOi-5w4intrUTWXzIQew  -0RkJ_uIduNLWQrphbADRw             1
dfs created
                  user_id             business_id  review_stars
0  5VESqAgYsL9vzLEIA_xgnw  --9e1ONYQuAa-CB_Rrw7Tw             5
1  5VESqAgYsL9vzLEIA_xgnw  --9e1ONYQuAa-CB_Rrw7Tw             5
2  Pxrx3kEqVD9WCn7lmV-a7Q  -092wE7j5HZOogMLAh40zA             3
3  OzGlDEQ_vzH8QU9NBRs-pw  -0NhdsDJsdarxyDPR523ZQ             3
4  D3fOi-5w4intrUTWXzIQew  -0RkJ_uIduNLWQrphbADRw             1
Bias models validation prediction scores by damping factor:
   damping_factor      rmse       mae
0               0  1.139025  0.679068
1               1  1.125904  0.735284
2               2  1.143351  0.755207
3               5  1.178461  0.789025
4              10  1.204038  0.829321
Bias models validation evaluations by damping factor:
               recip_rank      precision@10      precision@100           \
                     mean  std         mean  std          mean      std   
damping_factor                                                            
0                     0.0  0.0          0.0  0.0      0.000000  0.00000   
1                     0.0  0.0          0.0  0.0      0.000000  0.00000   
2                     0.0  0.0          0.0  0.0      0.000000  0.00000   
5                     0.0  0.0          0.0  0.0      0.001429  0.00378   
10                    0.0  0.0          0.0  0.0      0.001429  0.00378   

               recall@10      recall@100           ndcg       
                    mean  std       mean       std mean  std  
damping_factor                                                
0                    0.0  0.0   0.000000  0.000000  0.0  0.0  
1                    0.0  0.0   0.000000  0.000000  0.0  0.0  
2                    0.0  0.0   0.000000  0.000000  0.0  0.0  
5                    0.0  0.0   0.142857  0.377964  0.0  0.0  
10                   0.0  0.0   0.142857  0.377964  0.0  0.0  
Best Hyperparameters:
Damping value = 0
Best Bias Model Test Evaluations:
dfs created
                  user_id             business_id  review_stars
0  5VESqAgYsL9vzLEIA_xgnw  --9e1ONYQuAa-CB_Rrw7Tw             5
1  5VESqAgYsL9vzLEIA_xgnw  --9e1ONYQuAa-CB_Rrw7Tw             5
2  Pxrx3kEqVD9WCn7lmV-a7Q  -092wE7j5HZOogMLAh40zA             3
3  OzGlDEQ_vzH8QU9NBRs-pw  -0NhdsDJsdarxyDPR523ZQ             3
4  D3fOi-5w4intrUTWXzIQew  -0RkJ_uIduNLWQrphbADRw             1
dfs created
                  user_id             business_id  review_stars
0  5VESqAgYsL9vzLEIA_xgnw  --9e1ONYQuAa-CB_Rrw7Tw             5
1  5VESqAgYsL9vzLEIA_xgnw  --9e1ONYQuAa-CB_Rrw7Tw             5
2  Pxrx3kEqVD9WCn7lmV-a7Q  -092wE7j5HZOogMLAh40zA             3
3  OzGlDEQ_vzH8QU9NBRs-pw  -0NhdsDJsdarxyDPR523ZQ             3
4  D3fOi-5w4intrUTWXzIQew  -0RkJ_uIduNLWQrphbADRw             1
dfs created
                  user_id             business_id  review_stars
0  5VESqAgYsL9vzLEIA_xgnw  --9e1ONYQuAa-CB_Rrw7Tw             5
1  5VESqAgYsL9vzLEIA_xgnw  --9e1ONYQuAa-CB_Rrw7Tw             5
2  Pxrx3kEqVD9WCn7lmV-a7Q  -092wE7j5HZOogMLAh40zA             3
3  OzGlDEQ_vzH8QU9NBRs-pw  -0NhdsDJsdarxyDPR523ZQ             3
4  D3fOi-5w4intrUTWXzIQew  -0RkJ_uIduNLWQrphbADRw             1
dfs created
                  user_id             business_id  review_stars
0  5VESqAgYsL9vzLEIA_xgnw  --9e1ONYQuAa-CB_Rrw7Tw             5
1  5VESqAgYsL9vzLEIA_xgnw  --9e1ONYQuAa-CB_Rrw7Tw             5
2  Pxrx3kEqVD9WCn7lmV-a7Q  -092wE7j5HZOogMLAh40zA             3
3  OzGlDEQ_vzH8QU9NBRs-pw  -0NhdsDJsdarxyDPR523ZQ             3
4  D3fOi-5w4intrUTWXzIQew  -0RkJ_uIduNLWQrphbADRw             1
dfs created
                  user_id             business_id  review_stars
0  5VESqAgYsL9vzLEIA_xgnw  --9e1ONYQuAa-CB_Rrw7Tw             5
1  5VESqAgYsL9vzLEIA_xgnw  --9e1ONYQuAa-CB_Rrw7Tw             5
2  Pxrx3kEqVD9WCn7lmV-a7Q  -092wE7j5HZOogMLAh40zA             3
3  OzGlDEQ_vzH8QU9NBRs-pw  -0NhdsDJsdarxyDPR523ZQ             3
4  D3fOi-5w4intrUTWXzIQew  -0RkJ_uIduNLWQrphbADRw             1
dfs created
                  user_id             business_id  review_stars
0  5VESqAgYsL9vzLEIA_xgnw  --9e1ONYQuAa-CB_Rrw7Tw             5
1  5VESqAgYsL9vzLEIA_xgnw  --9e1ONYQuAa-CB_Rrw7Tw             5
2  Pxrx3kEqVD9WCn7lmV-a7Q  -092wE7j5HZOogMLAh40zA             3
3  OzGlDEQ_vzH8QU9NBRs-pw  -0NhdsDJsdarxyDPR523ZQ             3
4  D3fOi-5w4intrUTWXzIQew  -0RkJ_uIduNLWQrphbADRw             1
dfs created
                  user_id             business_id  review_stars
0  5VESqAgYsL9vzLEIA_xgnw  --9e1ONYQuAa-CB_Rrw7Tw             5
1  5VESqAgYsL9vzLEIA_xgnw  --9e1ONYQuAa-CB_Rrw7Tw             5
2  Pxrx3kEqVD9WCn7lmV-a7Q  -092wE7j5HZOogMLAh40zA             3
3  OzGlDEQ_vzH8QU9NBRs-pw  -0NhdsDJsdarxyDPR523ZQ             3
4  D3fOi-5w4intrUTWXzIQew  -0RkJ_uIduNLWQrphbADRw             1
dfs created
                  user_id             business_id  review_stars
0  5VESqAgYsL9vzLEIA_xgnw  --9e1ONYQuAa-CB_Rrw7Tw             5
1  5VESqAgYsL9vzLEIA_xgnw  --9e1ONYQuAa-CB_Rrw7Tw             5
2  Pxrx3kEqVD9WCn7lmV-a7Q  -092wE7j5HZOogMLAh40zA             3
3  OzGlDEQ_vzH8QU9NBRs-pw  -0NhdsDJsdarxyDPR523ZQ             3
4  D3fOi-5w4intrUTWXzIQew  -0RkJ_uIduNLWQrphbADRw             1
dfs created
                  user_id             business_id  review_stars
0  5VESqAgYsL9vzLEIA_xgnw  --9e1ONYQuAa-CB_Rrw7Tw             5
1  5VESqAgYsL9vzLEIA_xgnw  --9e1ONYQuAa-CB_Rrw7Tw             5
2  Pxrx3kEqVD9WCn7lmV-a7Q  -092wE7j5HZOogMLAh40zA             3
3  OzGlDEQ_vzH8QU9NBRs-pw  -0NhdsDJsdarxyDPR523ZQ             3
4  D3fOi-5w4intrUTWXzIQew  -0RkJ_uIduNLWQrphbADRw             1
dfs created
                  user_id             business_id  review_stars
0  5VESqAgYsL9vzLEIA_xgnw  --9e1ONYQuAa-CB_Rrw7Tw             5
1  5VESqAgYsL9vzLEIA_xgnw  --9e1ONYQuAa-CB_Rrw7Tw             5
2  Pxrx3kEqVD9WCn7lmV-a7Q  -092wE7j5HZOogMLAh40zA             3
3  OzGlDEQ_vzH8QU9NBRs-pw  -0NhdsDJsdarxyDPR523ZQ             3
4  D3fOi-5w4intrUTWXzIQew  -0RkJ_uIduNLWQrphbADRw             1
/home/as12453/miniconda3/envs/dsga3001/lib/python3.8/site-packages/lenskit/metrics/topn.py:111: RuntimeWarning: invalid value encountered in double_scalars
  return achieved / ideal
dfs created
                  user_id             business_id  review_stars
0  5VESqAgYsL9vzLEIA_xgnw  --9e1ONYQuAa-CB_Rrw7Tw             5
1  5VESqAgYsL9vzLEIA_xgnw  --9e1ONYQuAa-CB_Rrw7Tw             5
2  Pxrx3kEqVD9WCn7lmV-a7Q  -092wE7j5HZOogMLAh40zA             3
3  OzGlDEQ_vzH8QU9NBRs-pw  -0NhdsDJsdarxyDPR523ZQ             3
4  D3fOi-5w4intrUTWXzIQew  -0RkJ_uIduNLWQrphbADRw             1
dfs created
                  user_id             business_id  review_stars
0  5VESqAgYsL9vzLEIA_xgnw  --9e1ONYQuAa-CB_Rrw7Tw             5
1  5VESqAgYsL9vzLEIA_xgnw  --9e1ONYQuAa-CB_Rrw7Tw             5
2  Pxrx3kEqVD9WCn7lmV-a7Q  -092wE7j5HZOogMLAh40zA             3
3  OzGlDEQ_vzH8QU9NBRs-pw  -0NhdsDJsdarxyDPR523ZQ             3
4  D3fOi-5w4intrUTWXzIQew  -0RkJ_uIduNLWQrphbADRw             1
concurrent.futures.process._RemoteTraceback: 
"""
Traceback (most recent call last):
  File "/home/as12453/miniconda3/envs/dsga3001/lib/python3.8/concurrent/futures/process.py", line 239, in _process_worker
    r = call_item.fn(*call_item.args, **call_item.kwargs)
  File "/home/as12453/miniconda3/envs/dsga3001/lib/python3.8/concurrent/futures/process.py", line 198, in _process_chunk
    return [fn(*args) for args in chunk]
  File "/home/as12453/miniconda3/envs/dsga3001/lib/python3.8/concurrent/futures/process.py", line 198, in <listcomp>
    return [fn(*args) for args in chunk]
  File "/home/as12453/miniconda3/envs/dsga3001/lib/python3.8/site-packages/lenskit/util/parallel.py", line 131, in _mp_invoke_worker
    return __work_func(model, *args)
  File "/home/as12453/miniconda3/envs/dsga3001/lib/python3.8/site-packages/lenskit/topn.py", line 37, in _rla_worker
    return model._compute_group(col, val)
  File "/home/as12453/miniconda3/envs/dsga3001/lib/python3.8/site-packages/lenskit/topn.py", line 75, in _compute_group
    return pd.DataFrame.from_records(gen, columns=self.rec_key + mnames)
  File "/home/as12453/miniconda3/envs/dsga3001/lib/python3.8/site-packages/pandas/core/frame.py", line 1751, in from_records
    first_row = next(data)
  File "/home/as12453/miniconda3/envs/dsga3001/lib/python3.8/site-packages/lenskit/topn.py", line 93, in _iter_measurements
    results = tuple(mf(df, g_truth, **margs) for (mf, mn, margs) in self.metrics)
  File "/home/as12453/miniconda3/envs/dsga3001/lib/python3.8/site-packages/lenskit/topn.py", line 93, in <genexpr>
    results = tuple(mf(df, g_truth, **margs) for (mf, mn, margs) in self.metrics)
  File "/home/as12453/miniconda3/envs/dsga3001/lib/python3.8/site-packages/lenskit/metrics/topn.py", line 98, in ndcg
    tpos = truth.index.get_indexer(recs['item'])
  File "/home/as12453/miniconda3/envs/dsga3001/lib/python3.8/site-packages/pandas/core/indexes/base.py", line 2980, in get_indexer
    raise InvalidIndexError(
pandas.errors.InvalidIndexError: Reindexing only valid with uniquely valued Index objects
"""

The above exception was the direct cause of the following exception:

Traceback (most recent call last):
  File "./Bias_and_BiasMF_Models.py", line 485, in <module>
    main()
  File "./Bias_and_BiasMF_Models.py", line 339, in main
    results_10recs = rla.compute(recs_10, test_binary)
  File "/home/as12453/miniconda3/envs/dsga3001/lib/python3.8/site-packages/lenskit/topn.py", line 176, in compute
    res = job.compute(self.n_jobs)
  File "/home/as12453/miniconda3/envs/dsga3001/lib/python3.8/site-packages/lenskit/topn.py", line 67, in compute
    res = pd.concat(res, ignore_index=True)
  File "/home/as12453/miniconda3/envs/dsga3001/lib/python3.8/site-packages/pandas/core/reshape/concat.py", line 274, in concat
    op = _Concatenator(
  File "/home/as12453/miniconda3/envs/dsga3001/lib/python3.8/site-packages/pandas/core/reshape/concat.py", line 328, in __init__
    objs = list(objs)
  File "/home/as12453/miniconda3/envs/dsga3001/lib/python3.8/concurrent/futures/process.py", line 484, in _chain_from_iterable_of_lists
    for element in iterable:
  File "/home/as12453/miniconda3/envs/dsga3001/lib/python3.8/concurrent/futures/_base.py", line 611, in result_iterator
    yield fs.pop().result()
  File "/home/as12453/miniconda3/envs/dsga3001/lib/python3.8/concurrent/futures/_base.py", line 439, in result
    return self.__get_result()
  File "/home/as12453/miniconda3/envs/dsga3001/lib/python3.8/concurrent/futures/_base.py", line 388, in __get_result
    raise self._exception
pandas.errors.InvalidIndexError: Reindexing only valid with uniquely valued Index objects
