/home/as12453/miniconda3/envs/dsga3001/lib/python3.8/site-packages/lenskit/metrics/topn.py:111: RuntimeWarning: invalid value encountered in double_scalars
  return achieved / ideal
Bias models validation prediction scores by damping factor:
   damping_factor      rmse       mae
0               0  1.289824  1.000505
1               2  1.173213  0.938803
2               5  1.163368  0.930832
3              10  1.163940  0.935237
4              15  1.165523  0.938592
Bias models validation evaluations by damping factor:
               recip_rank           precision@10           precision@100  \
                     mean       std         mean       std          mean   
damping_factor                                                             
0                0.000109  0.006027     0.000033  0.001808      0.000026   
2                0.001055  0.025191     0.000229  0.004779      0.000121   
5                0.001049  0.025161     0.000229  0.004779      0.000222   
10               0.001467  0.026194     0.000556  0.007435      0.000271   
15               0.001575  0.026734     0.000588  0.007650      0.000271   

                         recall@10           recall@100                ndcg  \
                     std      mean       std       mean       std      mean   
damping_factor                                                                
0               0.000511  0.000082  0.004520   0.002370  0.047999  0.000291   
2               0.001093  0.002288  0.047790   0.009849  0.095631  0.002370   
5               0.001497  0.002288  0.047790   0.017740  0.126180  0.002293   
10              0.001645  0.004904  0.067484   0.022235  0.141757  0.003295   
15              0.001645  0.005067  0.068075   0.022235  0.141757  0.003381   

                          
                     std  
damping_factor            
0               0.013560  
2               0.046285  
5               0.045590  
10              0.048930  
15              0.049542  
Best Hyperparameters:
Damping value = 15
Best Bias Model Test Evaluations:
TopN/Bias(ud=15, id=15)
Traceback (most recent call last):
  File "./Bias_and_BiasMF_Models.py", line 299, in <module>
    main()
  File "./Bias_and_BiasMF_Models.py", line 146, in main
    print(recs10)
NameError: name 'recs10' is not defined
