                  user_id             business_id  review_stars
0  5VESqAgYsL9vzLEIA_xgnw  --9e1ONYQuAa-CB_Rrw7Tw             5
1  5VESqAgYsL9vzLEIA_xgnw  --9e1ONYQuAa-CB_Rrw7Tw             5
2  Pxrx3kEqVD9WCn7lmV-a7Q  -092wE7j5HZOogMLAh40zA             3
3  OzGlDEQ_vzH8QU9NBRs-pw  -0NhdsDJsdarxyDPR523ZQ             3
4  D3fOi-5w4intrUTWXzIQew  -0RkJ_uIduNLWQrphbADRw             1
                  user_id             business_id  review_stars
0  5VESqAgYsL9vzLEIA_xgnw  --9e1ONYQuAa-CB_Rrw7Tw             5
1  5VESqAgYsL9vzLEIA_xgnw  --9e1ONYQuAa-CB_Rrw7Tw             5
2  Pxrx3kEqVD9WCn7lmV-a7Q  -092wE7j5HZOogMLAh40zA             3
3  OzGlDEQ_vzH8QU9NBRs-pw  -0NhdsDJsdarxyDPR523ZQ             3
4  D3fOi-5w4intrUTWXzIQew  -0RkJ_uIduNLWQrphbADRw             1
                  user_id             business_id  review_stars
0  5VESqAgYsL9vzLEIA_xgnw  --9e1ONYQuAa-CB_Rrw7Tw             5
1  5VESqAgYsL9vzLEIA_xgnw  --9e1ONYQuAa-CB_Rrw7Tw             5
2  Pxrx3kEqVD9WCn7lmV-a7Q  -092wE7j5HZOogMLAh40zA             3
3  OzGlDEQ_vzH8QU9NBRs-pw  -0NhdsDJsdarxyDPR523ZQ             3
4  D3fOi-5w4intrUTWXzIQew  -0RkJ_uIduNLWQrphbADRw             1
                  user_id             business_id  review_stars
0  5VESqAgYsL9vzLEIA_xgnw  --9e1ONYQuAa-CB_Rrw7Tw             5
1  5VESqAgYsL9vzLEIA_xgnw  --9e1ONYQuAa-CB_Rrw7Tw             5
2  Pxrx3kEqVD9WCn7lmV-a7Q  -092wE7j5HZOogMLAh40zA             3
3  OzGlDEQ_vzH8QU9NBRs-pw  -0NhdsDJsdarxyDPR523ZQ             3
4  D3fOi-5w4intrUTWXzIQew  -0RkJ_uIduNLWQrphbADRw             1
                  user_id             business_id  review_stars
0  5VESqAgYsL9vzLEIA_xgnw  --9e1ONYQuAa-CB_Rrw7Tw             5
1  5VESqAgYsL9vzLEIA_xgnw  --9e1ONYQuAa-CB_Rrw7Tw             5
2  Pxrx3kEqVD9WCn7lmV-a7Q  -092wE7j5HZOogMLAh40zA             3
3  OzGlDEQ_vzH8QU9NBRs-pw  -0NhdsDJsdarxyDPR523ZQ             3
4  D3fOi-5w4intrUTWXzIQew  -0RkJ_uIduNLWQrphbADRw             1
                  user_id             business_id  review_stars
0  5VESqAgYsL9vzLEIA_xgnw  --9e1ONYQuAa-CB_Rrw7Tw             5
1  5VESqAgYsL9vzLEIA_xgnw  --9e1ONYQuAa-CB_Rrw7Tw             5
2  Pxrx3kEqVD9WCn7lmV-a7Q  -092wE7j5HZOogMLAh40zA             3
3  OzGlDEQ_vzH8QU9NBRs-pw  -0NhdsDJsdarxyDPR523ZQ             3
4  D3fOi-5w4intrUTWXzIQew  -0RkJ_uIduNLWQrphbADRw             1
                  user_id             business_id  review_stars
0  5VESqAgYsL9vzLEIA_xgnw  --9e1ONYQuAa-CB_Rrw7Tw             5
1  5VESqAgYsL9vzLEIA_xgnw  --9e1ONYQuAa-CB_Rrw7Tw             5
2  Pxrx3kEqVD9WCn7lmV-a7Q  -092wE7j5HZOogMLAh40zA             3
3  OzGlDEQ_vzH8QU9NBRs-pw  -0NhdsDJsdarxyDPR523ZQ             3
4  D3fOi-5w4intrUTWXzIQew  -0RkJ_uIduNLWQrphbADRw             1
                  user_id             business_id  review_stars
0  5VESqAgYsL9vzLEIA_xgnw  --9e1ONYQuAa-CB_Rrw7Tw             5
1  5VESqAgYsL9vzLEIA_xgnw  --9e1ONYQuAa-CB_Rrw7Tw             5
2  Pxrx3kEqVD9WCn7lmV-a7Q  -092wE7j5HZOogMLAh40zA             3
3  OzGlDEQ_vzH8QU9NBRs-pw  -0NhdsDJsdarxyDPR523ZQ             3
4  D3fOi-5w4intrUTWXzIQew  -0RkJ_uIduNLWQrphbADRw             1
                  user_id             business_id  review_stars
0  5VESqAgYsL9vzLEIA_xgnw  --9e1ONYQuAa-CB_Rrw7Tw             5
1  5VESqAgYsL9vzLEIA_xgnw  --9e1ONYQuAa-CB_Rrw7Tw             5
2  Pxrx3kEqVD9WCn7lmV-a7Q  -092wE7j5HZOogMLAh40zA             3
3  OzGlDEQ_vzH8QU9NBRs-pw  -0NhdsDJsdarxyDPR523ZQ             3
4  D3fOi-5w4intrUTWXzIQew  -0RkJ_uIduNLWQrphbADRw             1
Traceback (most recent call last):
  File "./Bias_and_BiasMF_Models.py", line 483, in <module>
    main()
  File "./Bias_and_BiasMF_Models.py", line 283, in main
    results_10recs = rla.compute(recs_10, val_binary)
  File "/home/as12453/miniconda3/envs/dsga3001/lib/python3.8/site-packages/lenskit/topn.py", line 176, in compute
    res = job.compute(self.n_jobs)
  File "/home/as12453/miniconda3/envs/dsga3001/lib/python3.8/site-packages/lenskit/topn.py", line 67, in compute
    res = pd.concat(res, ignore_index=True)
  File "/home/as12453/miniconda3/envs/dsga3001/lib/python3.8/site-packages/pandas/core/reshape/concat.py", line 274, in concat
    op = _Concatenator(
  File "/home/as12453/miniconda3/envs/dsga3001/lib/python3.8/site-packages/pandas/core/reshape/concat.py", line 328, in __init__
    objs = list(objs)
  File "/home/as12453/miniconda3/envs/dsga3001/lib/python3.8/site-packages/lenskit/topn.py", line 37, in _rla_worker
    return model._compute_group(col, val)
  File "/home/as12453/miniconda3/envs/dsga3001/lib/python3.8/site-packages/lenskit/topn.py", line 75, in _compute_group
    return pd.DataFrame.from_records(gen, columns=self.rec_key + mnames)
  File "/home/as12453/miniconda3/envs/dsga3001/lib/python3.8/site-packages/pandas/core/frame.py", line 1762, in from_records
    values += data
  File "/home/as12453/miniconda3/envs/dsga3001/lib/python3.8/site-packages/lenskit/topn.py", line 87, in _iter_measurements
    results = tuple(mf(gdf, g_truth, **margs) for (mf, mn, margs) in self.metrics)
  File "/home/as12453/miniconda3/envs/dsga3001/lib/python3.8/site-packages/lenskit/topn.py", line 87, in <genexpr>
    results = tuple(mf(gdf, g_truth, **margs) for (mf, mn, margs) in self.metrics)
  File "/home/as12453/miniconda3/envs/dsga3001/lib/python3.8/site-packages/lenskit/metrics/topn.py", line 98, in ndcg
    tpos = truth.index.get_indexer(recs['item'])
  File "/home/as12453/miniconda3/envs/dsga3001/lib/python3.8/site-packages/pandas/core/indexes/base.py", line 2980, in get_indexer
    raise InvalidIndexError(
pandas.errors.InvalidIndexError: Reindexing only valid with uniquely valued Index objects
